Database URL: postgres://postgres:postgres@localhost:8954/geocoding_db?sslmode=disable
2025/11/11 13:57:52 Database connection established successfully
2025/11/11 13:57:52 Running database migrations...
2025/11/11 13:57:52 Migration 1 already applied: Create zip_codes table
2025/11/11 13:57:52 Migration 2 already applied: Create migration tracking table
2025/11/11 13:57:52 Migration 3 already applied: Create authentication tables
2025/11/11 13:57:52 Migration 4 already applied: Add name and company fields to users table
2025/11/11 13:57:52 Migration 5 already applied: Add key_preview and expires_at to api_keys table
2025/11/11 13:57:52 Migration 6 already applied: Update subscriptions table with billing columns
2025/11/11 13:57:52 Migration 7 already applied: Add admin role to users table
2025/11/11 13:57:52 Migration 8 already applied: Create Ohio addresses table and load county data
2025/11/11 13:57:52 Migration 9 already applied: Create Ohio counties table and load boundary data
2025/11/11 13:57:52 All migrations completed successfully
2025/11/11 13:57:52 Database already contains 33121 ZIP code records
2025/11/11 13:57:52 Using development CORS origins: [http://localhost:8080 http://127.0.0.1:8080 http://localhost:3000 http://localhost:3001]
2025/11/11 13:57:52 Starting server on port 8080

   ____    __
  / __/___/ /  ___
 / _// __/ _ \/ _ \
/___/\__/_//_/\___/ v4.11.3
High performance, minimalist Go web framework
https://echo.labstack.com
____________________________________O/_______
                                    O\
⇨ http server started on [::]:8080
